<?xml version="1.0" encoding="UTF-8" standalone="yes"?><!DOCTYPE report PUBLIC "-//JACOCO//DTD Report 1.1//EN" "report.dtd"><report name="parking-system"><sessioninfo id="shipquick-ultraempire-989af4fc" start="1682087368175" dump="1682087371038"/><sessioninfo id="shipquick-ultraempire-bfa4d0a9" start="1682676589513" dump="1682676595282"/><sessioninfo id="shipquick-ultraempire-d50b5207" start="1682680955802" dump="1682680961498"/><sessioninfo id="shipquick-ultraempire-ee4d29f4" start="1682681044489" dump="1682681045656"/><sessioninfo id="shipquick-ultraempire-f4ae6e8d" start="1682681572642" dump="1682681576822"/><sessioninfo id="shipquick-ultraempire-725dabce" start="1682681639803" dump="1682681643883"/><sessioninfo id="shipquick-ultraempire-781b9ce5" start="1682681654295" dump="1682681655567"/><sessioninfo id="shipquick-ultraempire-12b9f870" start="1682687436071" dump="1682687441499"/><sessioninfo id="shipquick-ultraempire-8ce65e1" start="1682688570946" dump="1682688576177"/><sessioninfo id="shipquick-ultraempire-eaa41e6f" start="1682688588882" dump="1682688590074"/><sessioninfo id="shipquick-ultraempire-eebb809e" start="1682688724945" dump="1682688729770"/><sessioninfo id="shipquick-ultraempire-a53a46f9" start="1683027550878" dump="1683027553657"/><sessioninfo id="shipquick-ultraempire-46694109" start="1683027660382" dump="1683027664390"/><sessioninfo id="shipquick-ultraempire-dbf88403" start="1683027816419" dump="1683027820525"/><sessioninfo id="shipquick-ultraempire-af9fb4ec" start="1683120407585" dump="1683120412091"/><sessioninfo id="shipquick-ultraempire-18b94a51" start="1683120440017" dump="1683120444155"/><sessioninfo id="shipquick-ultraempire-8199cd5e" start="1683120456341" dump="1683120461740"/><sessioninfo id="shipquick-ultraempire-5dfffa10" start="1683175507990" dump="1683175513506"/><sessioninfo id="shipquick-ultraempire-511e030" start="1683175521825" dump="1683175529911"/><sessioninfo id="shipquick-ultraempire-d6c93cd9" start="1683176657531" dump="1683176661669"/><sessioninfo id="shipquick-ultraempire-90c9d4f9" start="1683176669119" dump="1683176676499"/><sessioninfo id="shipquick-ultraempire-a06fd3ce" start="1683179222368" dump="1683179225274"/><sessioninfo id="shipquick-ultraempire-c7464b08" start="1683179232288" dump="1683179240249"/><sessioninfo id="shipquick-ultraempire-f841796c" start="1683180981754" dump="1683180985031"/><sessioninfo id="shipquick-ultraempire-aa59f96d" start="1683180992846" dump="1683181001138"/><sessioninfo id="shipquick-ultraempire-689ed73e" start="1683193715332" dump="1683193721367"/><sessioninfo id="shipquick-ultraempire-cc060f5e" start="1683193736538" dump="1683193740657"/><sessioninfo id="shipquick-ultraempire-67b93650" start="1683193761405" dump="1683193764653"/><sessioninfo id="shipquick-ultraempire-3b0d3063" start="1683193849856" dump="1683193852954"/><sessioninfo id="shipquick-ultraempire-73876711" start="1683193975138" dump="1683193978112"/><sessioninfo id="shipquick-ultraempire-a323d866" start="1683193985437" dump="1683193992887"/><sessioninfo id="shipquick-ultraempire-f738f03e" start="1683201549310" dump="1683201553967"/><sessioninfo id="shipquick-ultraempire-ea9f8035" start="1683201609134" dump="1683201614604"/><sessioninfo id="shipquick-ultraempire-286400f4" start="1683201837573" dump="1683201840601"/><sessioninfo id="shipquick-ultraempire-e6ef7f4b" start="1683201891648" dump="1683201894841"/><sessioninfo id="shipquick-ultraempire-b03af86e" start="1683202715020" dump="1683202718068"/><sessioninfo id="shipquick-ultraempire-958d886e" start="1683202840260" dump="1683202844637"/><sessioninfo id="shipquick-ultraempire-5d64776b" start="1683202879137" dump="1683202883379"/><sessioninfo id="shipquick-ultraempire-7632f853" start="1683203274074" dump="1683203280020"/><sessioninfo id="shipquick-ultraempire-914e98e9" start="1683203326344" dump="1683203330154"/><sessioninfo id="shipquick-ultraempire-5b24fdc3" start="1683203424922" dump="1683203430196"/><sessioninfo id="shipquick-ultraempire-bff615e1" start="1683223611592" dump="1683223614716"/><sessioninfo id="shipquick-ultraempire-89d4554b" start="1683629025811" dump="1683629029373"/><sessioninfo id="shipquick-ultraempire-6948627c" start="1683629793445" dump="1683629796884"/><sessioninfo id="shipquick-ultraempire-7d203365" start="1683629829942" dump="1683629838252"/><sessioninfo id="shipquick-ultraempire-50288e8" start="1683630087606" dump="1683630092059"/><sessioninfo id="shipquick-ultraempire-cd918d74" start="1683630119525" dump="1683630122611"/><sessioninfo id="shipquick-ultraempire-d1b25a17" start="1683630676819" dump="1683630680616"/><sessioninfo id="shipquick-ultraempire-6b7cb3fe" start="1683630727452" dump="1683630730337"/><sessioninfo id="shipquick-ultraempire-d42a0c6e" start="1683630757862" dump="1683630760635"/><sessioninfo id="shipquick-ultraempire-37f94311" start="1683630800924" dump="1683630803845"/><sessioninfo id="shipquick-ultraempire-59c96329" start="1683630810655" dump="1683630817167"/><sessioninfo id="shipquick-ultraempire-9a678f6e" start="1683631603941" dump="1683631607614"/><sessioninfo id="shipquick-ultraempire-968af8a" start="1683631630021" dump="1683631632935"/><sessioninfo id="shipquick-ultraempire-53309447" start="1683631639860" dump="1683631645236"/><sessioninfo id="shipquick-ultraempire-1be72a92" start="1683690347990" dump="1683690352902"/><sessioninfo id="shipquick-ultraempire-8e6a0836" start="1683690362210" dump="1683690368668"/><sessioninfo id="shipquick-ultraempire-5c79cdd0" start="1683699876284" dump="1683699881110"/><sessioninfo id="shipquick-ultraempire-357bf99a" start="1683699889878" dump="1683699896479"/><sessioninfo id="shipquick-ultraempire-2d1d8c5c" start="1683708796947" dump="1683708800234"/><sessioninfo id="shipquick-ultraempire-3bcc85b2" start="1683708807284" dump="1683708812105"/><sessioninfo id="shipquick-ultraempire-ab65f60" start="1683711278855" dump="1683711282310"/><sessioninfo id="shipquick-ultraempire-1add0556" start="1683711289691" dump="1683711294930"/><sessioninfo id="shipquick-ultraempire-4cc8217b" start="1683711469299" dump="1683711472113"/><sessioninfo id="shipquick-ultraempire-c2e6d7ee" start="1683711479691" dump="1683711484719"/><sessioninfo id="shipquick-ultraempire-4d216efc" start="1683711622619" dump="1683711625771"/><sessioninfo id="shipquick-ultraempire-f7b07803" start="1683711633525" dump="1683711638308"/><sessioninfo id="shipquick-ultraempire-11155e84" start="1683711824547" dump="1683711827802"/><sessioninfo id="shipquick-ultraempire-48830697" start="1683711835785" dump="1683711841853"/><sessioninfo id="shipquick-ultraempire-4dfcea6d" start="1683712026435" dump="1683712029803"/><sessioninfo id="shipquick-ultraempire-ca949df2" start="1683712038437" dump="1683712043300"/><sessioninfo id="shipquick-ultraempire-a6c0c57c" start="1683721520705" dump="1683721525273"/><sessioninfo id="shipquick-ultraempire-c1de76a8" start="1683721532511" dump="1683721538771"/><sessioninfo id="shipquick-ultraempire-197f9e21" start="1683722058217" dump="1683722061858"/><sessioninfo id="shipquick-ultraempire-18670c68" start="1683722069345" dump="1683722075913"/><sessioninfo id="shipquick-ultraempire-b2d66119" start="1683722170008" dump="1683722174078"/><sessioninfo id="shipquick-ultraempire-d55323a" start="1683722182773" dump="1683722191307"/><sessioninfo id="shipquick-ultraempire-aa37f1ce" start="1683722260265" dump="1683722265054"/><sessioninfo id="shipquick-ultraempire-4393f2f4" start="1683722273091" dump="1683722278777"/><sessioninfo id="shipquick-ultraempire-41c5aa91" start="1683724870442" dump="1683724877057"/><sessioninfo id="shipquick-ultraempire-225156d6" start="1683726803869" dump="1683726807701"/><sessioninfo id="shipquick-ultraempire-6655f8ae" start="1683726815262" dump="1683726821562"/><sessioninfo id="shipquick-ultraempire-e96f9697" start="1683726905142" dump="1683726908061"/><sessioninfo id="shipquick-ultraempire-82e4c5d1" start="1683726915536" dump="1683726921076"/><sessioninfo id="shipquick-ultraempire-8fc40e05" start="1683726985408" dump="1683726988790"/><sessioninfo id="shipquick-ultraempire-b4c18f1" start="1683726996465" dump="1683727002772"/><sessioninfo id="shipquick-ultraempire-431eb58e" start="1683728248965" dump="1683728251741"/><sessioninfo id="shipquick-ultraempire-32396a14" start="1683728259628" dump="1683728265914"/><sessioninfo id="shipquick-ultraempire-a88775b4" start="1683729185157" dump="1683729191556"/><sessioninfo id="shipquick-ultraempire-2b9ea132" start="1683729199219" dump="1683729206503"/><sessioninfo id="shipquick-ultraempire-5bd544cb" start="1683729240695" dump="1683729243838"/><sessioninfo id="shipquick-ultraempire-8c14b187" start="1683729251296" dump="1683729257774"/><sessioninfo id="shipquick-ultraempire-21ff1229" start="1683729412076" dump="1683729414985"/><sessioninfo id="shipquick-ultraempire-90e6bfc1" start="1683729422752" dump="1683729428712"/><sessioninfo id="shipquick-ultraempire-b1428f7f" start="1683731586503" dump="1683731589962"/><sessioninfo id="shipquick-ultraempire-ec4e58af" start="1683731597516" dump="1683731603424"/><sessioninfo id="shipquick-ultraempire-9701df99" start="1683731631357" dump="1683731633997"/><sessioninfo id="shipquick-ultraempire-b9694880" start="1683731642030" dump="1683731648329"/><sessioninfo id="shipquick-ultraempire-69939887" start="1683732496575" dump="1683732501160"/><sessioninfo id="shipquick-ultraempire-ddc66fcc" start="1683732508404" dump="1683732515633"/><sessioninfo id="shipquick-ultraempire-231a4bd1" start="1683733123999" dump="1683733127171"/><sessioninfo id="shipquick-ultraempire-fbf5b3f4" start="1683733134499" dump="1683733140907"/><sessioninfo id="shipquick-ultraempire-b77b57bd" start="1683733330615" dump="1683733333711"/><sessioninfo id="shipquick-ultraempire-6984f57c" start="1683733340361" dump="1683733346636"/><sessioninfo id="shipquick-ultraempire-ed0be222" start="1683733474644" dump="1683733477365"/><sessioninfo id="shipquick-ultraempire-7c232642" start="1683733484128" dump="1683733490871"/><sessioninfo id="shipquick-ultraempire-9e044ff" start="1683733664350" dump="1683733668024"/><sessioninfo id="shipquick-ultraempire-f7889e5e" start="1683733676864" dump="1683733684110"/><sessioninfo id="shipquick-ultraempire-1acbc333" start="1683743614742" dump="1683743618975"/><sessioninfo id="shipquick-ultraempire-6793267a" start="1683743625814" dump="1683743631990"/><sessioninfo id="shipquick-ultraempire-e1d38e6b" start="1683745667368" dump="1683745671428"/><sessioninfo id="shipquick-ultraempire-218530db" start="1683745678120" dump="1683745684896"/><sessioninfo id="shipquick-ultraempire-fe2dc1fe" start="1683745751571" dump="1683745754546"/><sessioninfo id="shipquick-ultraempire-9c7eb8df" start="1683745761911" dump="1683745767980"/><sessioninfo id="shipquick-ultraempire-1dda404c" start="1683746785857" dump="1683746789151"/><sessioninfo id="shipquick-ultraempire-2c1bff41" start="1683746796579" dump="1683746803058"/><sessioninfo id="shipquick-ultraempire-3fab670c" start="1683747328168" dump="1683747331958"/><sessioninfo id="shipquick-ultraempire-e6f73263" start="1683747339709" dump="1683747353313"/><sessioninfo id="shipquick-ultraempire-859f0156" start="1683747507182" dump="1683747511646"/><sessioninfo id="shipquick-ultraempire-5f17ae34" start="1683747519654" dump="1683747526273"/><sessioninfo id="shipquick-ultraempire-7c9f698c" start="1683777574711" dump="1683777582709"/><sessioninfo id="shipquick-ultraempire-5a45306a" start="1683777591360" dump="1683777601732"/><sessioninfo id="shipquick-ultraempire-19e0b4e3" start="1683777842867" dump="1683777847231"/><sessioninfo id="shipquick-ultraempire-27b81365" start="1683777855293" dump="1683777865136"/><sessioninfo id="shipquick-ultraempire-1b03dbd9" start="1683778151715" dump="1683778158193"/><sessioninfo id="shipquick-ultraempire-ad8fe407" start="1683778166267" dump="1683778177922"/><sessioninfo id="shipquick-ultraempire-ca23f579" start="1683778451273" dump="1683778456651"/><sessioninfo id="shipquick-ultraempire-36600449" start="1683778464942" dump="1683778474381"/><sessioninfo id="shipquick-ultraempire-d065b6a7" start="1683778570942" dump="1683778577669"/><sessioninfo id="shipquick-ultraempire-a32fdc92" start="1683778586445" dump="1683779182988"/><sessioninfo id="shipquick-ultraempire-2174258" start="1683779212381" dump="1683779215593"/><sessioninfo id="shipquick-ultraempire-67dd6802" start="1683779223784" dump="1683779231525"/><sessioninfo id="shipquick-ultraempire-3b6d67e7" start="1683779655195" dump="1683779660263"/><sessioninfo id="shipquick-ultraempire-94c43c79" start="1683779669043" dump="1683780422752"/><sessioninfo id="shipquick-ultraempire-1b599b46" start="1683780498930" dump="1683780504467"/><sessioninfo id="shipquick-ultraempire-e6bfe1a" start="1683780514311" dump="1683781414709"/><sessioninfo id="shipquick-ultraempire-6fde0873" start="1683781852900" dump="1683781857947"/><sessioninfo id="shipquick-ultraempire-a341f047" start="1683781867330" dump="1683782649182"/><sessioninfo id="shipquick-ultraempire-d85ac077" start="1683784713839" dump="1683784718568"/><sessioninfo id="shipquick-ultraempire-c3674183" start="1683784725482" dump="1683784812009"/><sessioninfo id="shipquick-ultraempire-6af21aaa" start="1683785034404" dump="1683785038505"/><sessioninfo id="shipquick-ultraempire-d9787fe5" start="1683785046983" dump="1683785053121"/><sessioninfo id="shipquick-ultraempire-877133fb" start="1683786290525" dump="1683786293499"/><sessioninfo id="shipquick-ultraempire-b3d14833" start="1683786300358" dump="1683786326365"/><sessioninfo id="shipquick-ultraempire-c28dbc5" start="1683787694525" dump="1683787697398"/><sessioninfo id="shipquick-ultraempire-8e1316f8" start="1683787703717" dump="1683787710162"/><sessioninfo id="shipquick-ultraempire-454c304c" start="1683788582245" dump="1683788585187"/><sessioninfo id="shipquick-ultraempire-1bace163" start="1683788592383" dump="1683788599777"/><sessioninfo id="shipquick-ultraempire-5c68f9a1" start="1683790186224" dump="1683790189182"/><sessioninfo id="shipquick-ultraempire-b70b2e5b" start="1683790196894" dump="1683790203654"/><sessioninfo id="shipquick-ultraempire-fe1e61a2" start="1683792744433" dump="1683792747336"/><sessioninfo id="shipquick-ultraempire-46a9c98c" start="1683792754678" dump="1683792762937"/><sessioninfo id="shipquick-ultraempire-5742d069" start="1683793304630" dump="1683793307515"/><sessioninfo id="shipquick-ultraempire-c693519c" start="1683793315850" dump="1683793322051"/><sessioninfo id="shipquick-ultraempire-402b3446" start="1683793343305" dump="1683793346121"/><sessioninfo id="shipquick-ultraempire-79a4ef8c" start="1683793353688" dump="1683793359273"/><sessioninfo id="shipquick-ultraempire-32b039b" start="1683793394052" dump="1683793396927"/><sessioninfo id="shipquick-ultraempire-7af7c04f" start="1683793403941" dump="1683793409880"/><sessioninfo id="shipquick-ultraempire-b5bd6447" start="1683793478210" dump="1683793480879"/><sessioninfo id="shipquick-ultraempire-6aed3b98" start="1683793487353" dump="1683793493771"/><sessioninfo id="shipquick-ultraempire-d4091965" start="1683806542359" dump="1683806546362"/><sessioninfo id="shipquick-ultraempire-f00b8c9" start="1683806555137" dump="1683806563354"/><sessioninfo id="shipquick-ultraempire-a4534c" start="1683806720062" dump="1683806724187"/><sessioninfo id="shipquick-ultraempire-3b16da01" start="1683806732370" dump="1683806739635"/><sessioninfo id="shipquick-ultraempire-9851591b" start="1683900544292" dump="1683900548260"/><sessioninfo id="shipquick-ultraempire-e2b31802" start="1683900557214" dump="1683900564047"/><sessioninfo id="shipquick-ultraempire-1823bd67" start="1683900584568" dump="1683900587630"/><sessioninfo id="shipquick-ultraempire-14fcc779" start="1683900595157" dump="1683900601360"/><sessioninfo id="shipquick-ultraempire-1580f095" start="1683901832074" dump="1683901836283"/><sessioninfo id="shipquick-ultraempire-a9c3424e" start="1683901844390" dump="1683901853477"/><sessioninfo id="shipquick-ultraempire-f09550f7" start="1683902387922" dump="1683902391998"/><sessioninfo id="shipquick-ultraempire-eefc1aa4" start="1683902400825" dump="1683902407852"/><sessioninfo id="shipquick-ultraempire-2353e02d" start="1683902463423" dump="1683902470574"/><sessioninfo id="shipquick-ultraempire-e5138192" start="1683902993398" dump="1683902997907"/><sessioninfo id="shipquick-ultraempire-65b8e844" start="1683903006622" dump="1683903014936"/><sessioninfo id="shipquick-ultraempire-8f998828" start="1683903117736" dump="1683903121652"/><sessioninfo id="shipquick-ultraempire-31298c84" start="1683903157145" dump="1683903161772"/><sessioninfo id="shipquick-ultraempire-7f07dff1" start="1683903170021" dump="1683903177963"/><sessioninfo id="shipquick-ultraempire-7a75e8fc" start="1683903252819" dump="1683903256269"/><sessioninfo id="shipquick-ultraempire-27bc7004" start="1683903316054" dump="1683903321967"/><sessioninfo id="shipquick-ultraempire-dd754ddf" start="1683906828068" dump="1683906831666"/><sessioninfo id="shipquick-ultraempire-c90faab7" start="1683906841646" dump="1683906849268"/><sessioninfo id="shipquick-ultraempire-99a81c0f" start="1683907115760" dump="1683907119897"/><sessioninfo id="shipquick-ultraempire-48738b90" start="1683907145824" dump="1683907149174"/><sessioninfo id="shipquick-ultraempire-135e4e9b" start="1683907157871" dump="1683907165413"/><sessioninfo id="shipquick-ultraempire-1a18973d" start="1683907225739" dump="1683907230081"/><sessioninfo id="shipquick-ultraempire-6c9eb819" start="1683907242403" dump="1683907250069"/><sessioninfo id="shipquick-ultraempire-3d7fa3f9" start="1683907264976" dump="1683907268937"/><sessioninfo id="shipquick-ultraempire-a435b3ac" start="1683907276790" dump="1683907283954"/><sessioninfo id="shipquick-ultraempire-a1868981" start="1683907518324" dump="1683907522165"/><sessioninfo id="shipquick-ultraempire-4d4c974d" start="1683907530589" dump="1683907536106"/><sessioninfo id="shipquick-ultraempire-3705ce1a" start="1683907577542" dump="1683907581127"/><sessioninfo id="shipquick-ultraempire-12cc8673" start="1683907590056" dump="1683907596814"/><sessioninfo id="shipquick-ultraempire-2fe039fb" start="1683907604860" dump="1683907608132"/><sessioninfo id="shipquick-ultraempire-dd55d72e" start="1683907615783" dump="1683907622082"/><sessioninfo id="shipquick-ultraempire-5e730fed" start="1683907633816" dump="1683907636592"/><sessioninfo id="shipquick-ultraempire-7faff321" start="1683907643967" dump="1683907649996"/><sessioninfo id="shipquick-ultraempire-a10ea549" start="1683908455079" dump="1683908459006"/><sessioninfo id="shipquick-ultraempire-d4d77287" start="1683908466706" dump="1683908475384"/><sessioninfo id="shipquick-ultraempire-7f3ffc8b" start="1683908545136" dump="1683908549190"/><sessioninfo id="shipquick-ultraempire-a05e1baa" start="1683908557481" dump="1683908566678"/><sessioninfo id="shipquick-ultraempire-a8beeedc" start="1683908596776" dump="1683908599515"/><sessioninfo id="shipquick-ultraempire-618c76d5" start="1683908607202" dump="1683908612809"/><sessioninfo id="shipquick-ultraempire-ab59b0f8" start="1683908621286" dump="1683908624222"/><sessioninfo id="shipquick-ultraempire-391f939e" start="1683908631343" dump="1683908637214"/><sessioninfo id="shipquick-ultraempire-c4e177ca" start="1683908649536" dump="1683908653243"/><sessioninfo id="shipquick-ultraempire-a486f939" start="1683908660304" dump="1683908666022"/><sessioninfo id="shipquick-ultraempire-64c99ae" start="1683908675706" dump="1683908679187"/><sessioninfo id="shipquick-ultraempire-af2a3886" start="1683908685696" dump="1683908692186"/><sessioninfo id="shipquick-ultraempire-7b048ab0" start="1683909260802" dump="1683909265605"/><sessioninfo id="shipquick-ultraempire-9a17e3fb" start="1683909286534" dump="1683909292071"/><sessioninfo id="shipquick-ultraempire-1f3587b6" start="1683909300684" dump="1683909310233"/><sessioninfo id="shipquick-ultraempire-1e4ed529" start="1683909320051" dump="1683909323087"/><sessioninfo id="shipquick-ultraempire-eee135d8" start="1683909331389" dump="1683909337263"/><sessioninfo id="shipquick-ultraempire-bb2dda7b" start="1683909345669" dump="1683909348571"/><sessioninfo id="shipquick-ultraempire-69903177" start="1683909355411" dump="1683909360835"/><sessioninfo id="shipquick-ultraempire-697a8ac7" start="1683909368091" dump="1683909371150"/><sessioninfo id="shipquick-ultraempire-db2f2095" start="1683909377975" dump="1683909383416"/><sessioninfo id="shipquick-ultraempire-816293b4" start="1683909391245" dump="1683909395007"/><sessioninfo id="shipquick-ultraempire-9a87589f" start="1683909402344" dump="1683909408888"/><sessioninfo id="shipquick-ultraempire-148f4f27" start="1683909419001" dump="1683909422149"/><sessioninfo id="shipquick-ultraempire-ae48f761" start="1683909430071" dump="1683909435878"/><sessioninfo id="shipquick-ultraempire-58d8d7b4" start="1683909444191" dump="1683909446942"/><sessioninfo id="shipquick-ultraempire-4fc6dcb8" start="1683909453759" dump="1683909459038"/><sessioninfo id="shipquick-ultraempire-6486a8eb" start="1683909489524" dump="1683909492382"/><sessioninfo id="shipquick-ultraempire-ca39f569" start="1683909500100" dump="1683909507565"/><sessioninfo id="shipquick-ultraempire-26b4b791" start="1683909513897" dump="1683909516818"/><sessioninfo id="shipquick-ultraempire-6db579c4" start="1683909523725" dump="1683909529395"/><sessioninfo id="shipquick-ultraempire-aae37ccc" start="1683909538124" dump="1683909540998"/><sessioninfo id="shipquick-ultraempire-78482adf" start="1683909548127" dump="1683909554486"/><sessioninfo id="shipquick-ultraempire-149b4910" start="1683909563035" dump="1683909566066"/><sessioninfo id="shipquick-ultraempire-3f6aedfc" start="1683909572841" dump="1683909578483"/><sessioninfo id="shipquick-ultraempire-bc5ba757" start="1683909725029" dump="1683909728776"/><sessioninfo id="shipquick-ultraempire-1e04e6c3" start="1683909738016" dump="1683909744697"/><sessioninfo id="shipquick-ultraempire-b9e0b695" start="1683911359798" dump="1683911363452"/><sessioninfo id="shipquick-ultraempire-22dabb08" start="1683911371923" dump="1683911378635"/><sessioninfo id="shipquick-ultraempire-88603f48" start="1684123642928" dump="1684123646562"/><sessioninfo id="shipquick-ultraempire-6259b4cc" start="1684123654895" dump="1684123665206"/><sessioninfo id="shipquick-ultraempire-5e60beaa" start="1684129999075" dump="1684130002345"/><sessioninfo id="shipquick-ultraempire-d8aa1445" start="1684130010250" dump="1684130019344"/><sessioninfo id="shipquick-ultraempire-efce3c4d" start="1684131333638" dump="1684131336858"/><sessioninfo id="shipquick-ultraempire-3b73da07" start="1684131343724" dump="1684131351442"/><sessioninfo id="shipquick-ultraempire-b8c35676" start="1684136635426" dump="1684136640054"/><sessioninfo id="shipquick-ultraempire-42651bc6" start="1684136650334" dump="1684136660604"/><sessioninfo id="shipquick-ultraempire-84823c3d" start="1684141972549" dump="1684141977280"/><sessioninfo id="shipquick-ultraempire-96d8ea27" start="1684141984567" dump="1684141996271"/><sessioninfo id="shipquick-ultraempire-6b8f082d" start="1684147306406" dump="1684147309511"/><sessioninfo id="shipquick-ultraempire-e4240845" start="1684147316270" dump="1684147323064"/><sessioninfo id="shipquick-ultraempire-21ade9b7" start="1684151850796" dump="1684151854136"/><sessioninfo id="shipquick-ultraempire-a4c5503d" start="1684151863182" dump="1684151869402"/><sessioninfo id="shipquick-ultraempire-cbd27f92" start="1684152178380" dump="1684152181765"/><sessioninfo id="shipquick-ultraempire-70e48c8b" start="1684152188368" dump="1684152194241"/><sessioninfo id="shipquick-ultraempire-9259df38" start="1684153816948" dump="1684153820005"/><sessioninfo id="shipquick-ultraempire-9cdc0a39" start="1684153827132" dump="1684153834056"/><sessioninfo id="shipquick-ultraempire-fbfa9ed5" start="1684154756165" dump="1684154759135"/><sessioninfo id="shipquick-ultraempire-caa70eb7" start="1684154766930" dump="1684154774032"/><sessioninfo id="shipquick-ultraempire-95fb1cb2" start="1684156236950" dump="1684156239927"/><sessioninfo id="shipquick-ultraempire-881bfc49" start="1684156247153" dump="1684156253847"/><sessioninfo id="shipquick-ultraempire-c7cd42d1" start="1684159039164" dump="1684159042379"/><sessioninfo id="shipquick-ultraempire-a8d7e3eb" start="1684159050861" dump="1684159059937"/><sessioninfo id="shipquick-ultraempire-e4c3f4c3" start="1684221398060" dump="1684221402138"/><sessioninfo id="shipquick-ultraempire-6e0180cf" start="1684221412107" dump="1684221418803"/><sessioninfo id="shipquick-ultraempire-4a8429c0" start="1684332745357" dump="1684332748490"/><sessioninfo id="shipquick-ultraempire-54c40ff1" start="1684332757096" dump="1684332764096"/><sessioninfo id="shipquick-ultraempire-58e20470" start="1684333579206" dump="1684333582045"/><sessioninfo id="shipquick-ultraempire-ccc1255b" start="1684333589410" dump="1684333595770"/><package name="com/parkit/parkingsystem/service"><class name="com/parkit/parkingsystem/service/FareCalculatorService" sourcefilename="FareCalculatorService.java"><method name="&lt;init&gt;" desc="()V" line="12"><counter type="INSTRUCTION" missed="0" covered="3"/><counter type="LINE" missed="0" covered="1"/><counter type="COMPLEXITY" missed="0" covered="1"/><counter type="METHOD" missed="0" covered="1"/></method><method name="calculateFare" desc="(Lcom/parkit/parkingsystem/model/Ticket;Z)V" line="24"><counter type="INSTRUCTION" missed="5" covered="68"/><counter type="BRANCH" missed="2" covered="9"/><counter type="LINE" missed="1" covered="15"/><counter type="COMPLEXITY" missed="2" covered="5"/><counter type="METHOD" missed="0" covered="1"/></method><method name="calculateFare" desc="(Lcom/parkit/parkingsystem/model/Ticket;)V" line="63"><counter type="INSTRUCTION" missed="0" covered="9"/><counter type="LINE" missed="0" covered="3"/><counter type="COMPLEXITY" missed="0" covered="1"/><counter type="METHOD" missed="0" covered="1"/></method><counter type="INSTRUCTION" missed="5" covered="80"/><counter type="BRANCH" missed="2" covered="9"/><counter type="LINE" missed="1" covered="19"/><counter type="COMPLEXITY" missed="2" covered="7"/><counter type="METHOD" missed="0" covered="3"/><counter type="CLASS" missed="0" covered="1"/></class><class name="com/parkit/parkingsystem/service/ParkingService" sourcefilename="ParkingService.java"><method name="&lt;init&gt;" desc="(Lcom/parkit/parkingsystem/util/InputReaderUtil;Lcom/parkit/parkingsystem/dao/ParkingSpotDAO;Lcom/parkit/parkingsystem/dao/TicketDAO;)V" line="31"><counter type="INSTRUCTION" missed="0" covered="12"/><counter type="LINE" missed="0" covered="5"/><counter type="COMPLEXITY" missed="0" covered="1"/><counter type="METHOD" missed="0" covered="1"/></method><method name="processIncomingVehicle" desc="()V" line="46"><counter type="INSTRUCTION" missed="5" covered="71"/><counter type="BRANCH" missed="2" covered="4"/><counter type="LINE" missed="2" covered="20"/><counter type="COMPLEXITY" missed="2" covered="2"/><counter type="METHOD" missed="0" covered="1"/></method><method name="getVehicleRegNumber" desc="()Ljava/lang/String;" line="81"><counter type="INSTRUCTION" missed="0" covered="7"/><counter type="LINE" missed="0" covered="2"/><counter type="COMPLEXITY" missed="0" covered="1"/><counter type="METHOD" missed="0" covered="1"/></method><method name="getNextParkingNumberIfAvailable" desc="()Lcom/parkit/parkingsystem/model/ParkingSpot;" line="93"><counter type="INSTRUCTION" missed="0" covered="41"/><counter type="BRANCH" missed="0" covered="2"/><counter type="LINE" missed="0" covered="13"/><counter type="COMPLEXITY" missed="0" covered="2"/><counter type="METHOD" missed="0" covered="1"/></method><method name="getVehicleType" desc="()Lcom/parkit/parkingsystem/constants/ParkingType;" line="117"><counter type="INSTRUCTION" missed="2" covered="25"/><counter type="BRANCH" missed="1" covered="2"/><counter type="LINE" missed="1" covered="8"/><counter type="COMPLEXITY" missed="1" covered="2"/><counter type="METHOD" missed="0" covered="1"/></method><method name="processExitingVehicle" desc="()V" line="144"><counter type="INSTRUCTION" missed="0" covered="68"/><counter type="BRANCH" missed="0" covered="4"/><counter type="LINE" missed="0" covered="20"/><counter type="COMPLEXITY" missed="0" covered="3"/><counter type="METHOD" missed="0" covered="1"/></method><method name="&lt;clinit&gt;" desc="()V" line="23"><counter type="INSTRUCTION" missed="0" covered="8"/><counter type="LINE" missed="0" covered="2"/><counter type="COMPLEXITY" missed="0" covered="1"/><counter type="METHOD" missed="0" covered="1"/></method><counter type="INSTRUCTION" missed="7" covered="232"/><counter type="BRANCH" missed="3" covered="12"/><counter type="LINE" missed="3" covered="70"/><counter type="COMPLEXITY" missed="3" covered="12"/><counter type="METHOD" missed="0" covered="7"/><counter type="CLASS" missed="0" covered="1"/></class><class name="com/parkit/parkingsystem/service/InteractiveShell" sourcefilename="InteractiveShell.java"><method name="&lt;init&gt;" desc="()V" line="9"><counter type="INSTRUCTION" missed="3" covered="0"/><counter type="LINE" missed="1" covered="0"/><counter type="COMPLEXITY" missed="1" covered="0"/><counter type="METHOD" missed="1" covered="0"/></method><method name="loadInterface" desc="()V" line="14"><counter type="INSTRUCTION" missed="52" covered="0"/><counter type="BRANCH" missed="6" covered="0"/><counter type="LINE" missed="21" covered="0"/><counter type="COMPLEXITY" missed="5" covered="0"/><counter type="METHOD" missed="1" covered="0"/></method><method name="loadMenu" desc="()V" line="46"><counter type="INSTRUCTION" missed="13" covered="0"/><counter type="LINE" missed="5" covered="0"/><counter type="COMPLEXITY" missed="1" covered="0"/><counter type="METHOD" missed="1" covered="0"/></method><method name="&lt;clinit&gt;" desc="()V" line="11"><counter type="INSTRUCTION" missed="4" covered="0"/><counter type="LINE" missed="1" covered="0"/><counter type="COMPLEXITY" missed="1" covered="0"/><counter type="METHOD" missed="1" covered="0"/></method><counter type="INSTRUCTION" missed="72" covered="0"/><counter type="BRANCH" missed="6" covered="0"/><counter type="LINE" missed="28" covered="0"/><counter type="COMPLEXITY" missed="8" covered="0"/><counter type="METHOD" missed="4" covered="0"/><counter type="CLASS" missed="1" covered="0"/></class><sourcefile name="ParkingService.java"><line nr="23" mi="0" ci="3" mb="0" cb="0"/><line nr="25" mi="0" ci="5" mb="0" cb="0"/><line nr="31" mi="0" ci="2" mb="0" cb="0"/><line nr="32" mi="0" ci="3" mb="0" cb="0"/><line nr="33" mi="0" ci="3" mb="0" cb="0"/><line nr="34" mi="0" ci="3" mb="0" cb="0"/><line nr="35" mi="0" ci="1" mb="0" cb="0"/><line nr="46" mi="0" ci="3" mb="0" cb="0"/><line nr="47" mi="0" ci="5" mb="2" cb="2"/><line nr="48" mi="0" ci="3" mb="0" cb="0"/><line nr="49" mi="0" ci="3" mb="0" cb="0"/><line nr="50" mi="0" ci="5" mb="0" cb="0"/><line nr="52" mi="0" ci="4" mb="0" cb="0"/><line nr="53" mi="0" ci="4" mb="0" cb="0"/><line nr="54" mi="0" ci="3" mb="0" cb="0"/><line nr="55" mi="0" ci="3" mb="0" cb="0"/><line nr="56" mi="0" ci="3" mb="0" cb="0"/><line nr="57" mi="0" ci="3" mb="0" cb="0"/><line nr="58" mi="0" ci="3" mb="0" cb="0"/><line nr="59" mi="0" ci="5" mb="0" cb="0"/><line nr="61" mi="0" ci="6" mb="0" cb="2"/><line nr="62" mi="0" ci="3" mb="0" cb="0"/><line nr="66" mi="0" ci="3" mb="0" cb="0"/><line nr="67" mi="0" ci="5" mb="0" cb="0"/><line nr="68" mi="0" ci="5" mb="0" cb="0"/><line nr="70" mi="1" ci="0" mb="0" cb="0"/><line nr="71" mi="4" ci="0" mb="0" cb="0"/><line nr="72" mi="0" ci="1" mb="0" cb="0"/><line nr="73" mi="0" ci="1" mb="0" cb="0"/><line nr="81" mi="0" ci="3" mb="0" cb="0"/><line nr="82" mi="0" ci="4" mb="0" cb="0"/><line nr="93" mi="0" ci="2" mb="0" cb="0"/><line nr="94" mi="0" ci="2" mb="0" cb="0"/><line nr="96" mi="0" ci="3" mb="0" cb="0"/><line nr="97" mi="0" ci="5" mb="0" cb="0"/><line nr="98" mi="0" ci="2" mb="0" cb="2"/><line nr="99" mi="0" ci="8" mb="0" cb="0"/><line nr="101" mi="0" ci="5" mb="0" cb="0"/><line nr="103" mi="0" ci="1" mb="0" cb="0"/><line nr="104" mi="0" ci="4" mb="0" cb="0"/><line nr="105" mi="0" ci="1" mb="0" cb="0"/><line nr="106" mi="0" ci="4" mb="0" cb="0"/><line nr="107" mi="0" ci="2" mb="0" cb="0"/><line nr="108" mi="0" ci="2" mb="0" cb="0"/><line nr="117" mi="0" ci="3" mb="0" cb="0"/><line nr="118" mi="0" ci="3" mb="0" cb="0"/><line nr="119" mi="0" ci="3" mb="0" cb="0"/><line nr="120" mi="0" ci="4" mb="0" cb="0"/><line nr="121" mi="0" ci="2" mb="1" cb="2"/><line nr="123" mi="0" ci="2" mb="0" cb="0"/><line nr="126" mi="2" ci="0" mb="0" cb="0"/><line nr="129" mi="0" ci="3" mb="0" cb="0"/><line nr="130" mi="0" ci="5" mb="0" cb="0"/><line nr="144" mi="0" ci="3" mb="0" cb="0"/><line nr="145" mi="0" ci="5" mb="0" cb="0"/><line nr="146" mi="0" ci="4" mb="0" cb="0"/><line nr="147" mi="0" ci="3" mb="0" cb="0"/><line nr="149" mi="0" ci="6" mb="0" cb="2"/><line nr="150" mi="0" ci="5" mb="0" cb="0"/><line nr="152" mi="0" ci="4" mb="0" cb="0"/><line nr="155" mi="0" ci="5" mb="0" cb="2"/><line nr="156" mi="0" ci="3" mb="0" cb="0"/><line nr="157" mi="0" ci="3" mb="0" cb="0"/><line nr="158" mi="0" ci="5" mb="0" cb="0"/><line nr="159" mi="0" ci="5" mb="0" cb="0"/><line nr="160" mi="0" ci="3" mb="0" cb="0"/><line nr="161" mi="0" ci="3" mb="0" cb="0"/><line nr="162" mi="0" ci="1" mb="0" cb="0"/><line nr="163" mi="0" ci="3" mb="0" cb="0"/><line nr="165" mi="0" ci="1" mb="0" cb="0"/><line nr="166" mi="0" ci="4" mb="0" cb="0"/><line nr="167" mi="0" ci="1" mb="0" cb="0"/><line nr="168" mi="0" ci="1" mb="0" cb="0"/><counter type="INSTRUCTION" missed="7" covered="232"/><counter type="BRANCH" missed="3" covered="12"/><counter type="LINE" missed="3" covered="70"/><counter type="COMPLEXITY" missed="3" covered="12"/><counter type="METHOD" missed="0" covered="7"/><counter type="CLASS" missed="0" covered="1"/></sourcefile><sourcefile name="InteractiveShell.java"><line nr="9" mi="3" ci="0" mb="0" cb="0"/><line nr="11" mi="4" ci="0" mb="0" cb="0"/><line nr="14" mi="3" ci="0" mb="0" cb="0"/><line nr="15" mi="3" ci="0" mb="0" cb="0"/><line nr="17" mi="2" ci="0" mb="0" cb="0"/><line nr="18" mi="4" ci="0" mb="0" cb="0"/><line nr="19" mi="4" ci="0" mb="0" cb="0"/><line nr="20" mi="4" ci="0" mb="0" cb="0"/><line nr="21" mi="7" ci="0" mb="0" cb="0"/><line nr="23" mi="2" ci="0" mb="2" cb="0"/><line nr="24" mi="1" ci="0" mb="0" cb="0"/><line nr="25" mi="3" ci="0" mb="0" cb="0"/><line nr="26" mi="2" ci="0" mb="4" cb="0"/><line nr="28" mi="2" ci="0" mb="0" cb="0"/><line nr="29" mi="1" ci="0" mb="0" cb="0"/><line nr="32" mi="2" ci="0" mb="0" cb="0"/><line nr="33" mi="1" ci="0" mb="0" cb="0"/><line nr="36" mi="3" ci="0" mb="0" cb="0"/><line nr="37" mi="2" ci="0" mb="0" cb="0"/><line nr="38" mi="1" ci="0" mb="0" cb="0"/><line nr="40" mi="3" ci="0" mb="0" cb="0"/><line nr="42" mi="1" ci="0" mb="0" cb="0"/><line nr="43" mi="1" ci="0" mb="0" cb="0"/><line nr="46" mi="3" ci="0" mb="0" cb="0"/><line nr="47" mi="3" ci="0" mb="0" cb="0"/><line nr="48" mi="3" ci="0" mb="0" cb="0"/><line nr="49" mi="3" ci="0" mb="0" cb="0"/><line nr="50" mi="1" ci="0" mb="0" cb="0"/><counter type="INSTRUCTION" missed="72" covered="0"/><counter type="BRANCH" missed="6" covered="0"/><counter type="LINE" missed="28" covered="0"/><counter type="COMPLEXITY" missed="8" covered="0"/><counter type="METHOD" missed="4" covered="0"/><counter type="CLASS" missed="1" covered="0"/></sourcefile><sourcefile name="FareCalculatorService.java"><line nr="12" mi="0" ci="3" mb="0" cb="0"/><line nr="24" mi="0" ci="9" mb="1" cb="3"/><line nr="25" mi="0" ci="8" mb="0" cb="0"/><line nr="28" mi="0" ci="4" mb="0" cb="0"/><line nr="29" mi="0" ci="4" mb="0" cb="0"/><line nr="30" mi="0" ci="7" mb="0" cb="0"/><line nr="32" mi="0" ci="4" mb="0" cb="2"/><line nr="33" mi="0" ci="7" mb="1" cb="2"/><line nr="35" mi="0" ci="5" mb="0" cb="0"/><line nr="36" mi="0" ci="1" mb="0" cb="0"/><line nr="39" mi="0" ci="5" mb="0" cb="0"/><line nr="40" mi="0" ci="1" mb="0" cb="0"/><line nr="43" mi="5" ci="0" mb="0" cb="0"/><line nr="46" mi="0" ci="2" mb="0" cb="2"/><line nr="47" mi="0" ci="7" mb="0" cb="0"/><line nr="50" mi="0" ci="3" mb="0" cb="0"/><line nr="52" mi="0" ci="1" mb="0" cb="0"/><line nr="63" mi="0" ci="4" mb="0" cb="0"/><line nr="64" mi="0" ci="4" mb="0" cb="0"/><line nr="65" mi="0" ci="1" mb="0" cb="0"/><counter type="INSTRUCTION" missed="5" covered="80"/><counter type="BRANCH" missed="2" covered="9"/><counter type="LINE" missed="1" covered="19"/><counter type="COMPLEXITY" missed="2" covered="7"/><counter type="METHOD" missed="0" covered="3"/><counter type="CLASS" missed="0" covered="1"/></sourcefile><counter type="INSTRUCTION" missed="84" covered="312"/><counter type="BRANCH" missed="11" covered="21"/><counter type="LINE" missed="32" covered="89"/><counter type="COMPLEXITY" missed="13" covered="19"/><counter type="METHOD" missed="4" covered="10"/><counter type="CLASS" missed="1" covered="2"/></package><package name="com/parkit/parkingsystem"><class name="com/parkit/parkingsystem/App" sourcefilename="App.java"><method name="&lt;init&gt;" desc="()V" line="7"><counter type="INSTRUCTION" missed="3" covered="0"/><counter type="LINE" missed="1" covered="0"/><counter type="COMPLEXITY" missed="1" covered="0"/><counter type="METHOD" missed="1" covered="0"/></method><method name="main" desc="([Ljava/lang/String;)V" line="10"><counter type="INSTRUCTION" missed="5" covered="0"/><counter type="LINE" missed="3" covered="0"/><counter type="COMPLEXITY" missed="1" covered="0"/><counter type="METHOD" missed="1" covered="0"/></method><method name="&lt;clinit&gt;" desc="()V" line="8"><counter type="INSTRUCTION" missed="4" covered="0"/><counter type="LINE" missed="1" covered="0"/><counter type="COMPLEXITY" missed="1" covered="0"/><counter type="METHOD" missed="1" covered="0"/></method><counter type="INSTRUCTION" missed="12" covered="0"/><counter type="LINE" missed="5" covered="0"/><counter type="COMPLEXITY" missed="3" covered="0"/><counter type="METHOD" missed="3" covered="0"/><counter type="CLASS" missed="1" covered="0"/></class><sourcefile name="App.java"><line nr="7" mi="3" ci="0" mb="0" cb="0"/><line nr="8" mi="4" ci="0" mb="0" cb="0"/><line nr="10" mi="3" ci="0" mb="0" cb="0"/><line nr="11" mi="1" ci="0" mb="0" cb="0"/><line nr="12" mi="1" ci="0" mb="0" cb="0"/><counter type="INSTRUCTION" missed="12" covered="0"/><counter type="LINE" missed="5" covered="0"/><counter type="COMPLEXITY" missed="3" covered="0"/><counter type="METHOD" missed="3" covered="0"/><counter type="CLASS" missed="1" covered="0"/></sourcefile><counter type="INSTRUCTION" missed="12" covered="0"/><counter type="LINE" missed="5" covered="0"/><counter type="COMPLEXITY" missed="3" covered="0"/><counter type="METHOD" missed="3" covered="0"/><counter type="CLASS" missed="1" covered="0"/></package><package name="com/parkit/parkingsystem/model"><class name="com/parkit/parkingsystem/model/ParkingSpot" sourcefilename="ParkingSpot.java"><method name="&lt;init&gt;" desc="(ILcom/parkit/parkingsystem/constants/ParkingType;Z)V" line="10"><counter type="INSTRUCTION" missed="0" covered="12"/><counter type="LINE" missed="0" covered="5"/><counter type="COMPLEXITY" missed="0" covered="1"/><counter type="METHOD" missed="0" covered="1"/></method><method name="getId" desc="()I" line="17"><counter type="INSTRUCTION" missed="0" covered="3"/><counter type="LINE" missed="0" covered="1"/><counter type="COMPLEXITY" missed="0" covered="1"/><counter type="METHOD" missed="0" covered="1"/></method><method name="setId" desc="(I)V" line="21"><counter type="INSTRUCTION" missed="4" covered="0"/><counter type="LINE" missed="2" covered="0"/><counter type="COMPLEXITY" missed="1" covered="0"/><counter type="METHOD" missed="1" covered="0"/></method><method name="getParkingType" desc="()Lcom/parkit/parkingsystem/constants/ParkingType;" line="25"><counter type="INSTRUCTION" missed="0" covered="3"/><counter type="LINE" missed="0" covered="1"/><counter type="COMPLEXITY" missed="0" covered="1"/><counter type="METHOD" missed="0" covered="1"/></method><method name="setParkingType" desc="(Lcom/parkit/parkingsystem/constants/ParkingType;)V" line="29"><counter type="INSTRUCTION" missed="4" covered="0"/><counter type="LINE" missed="2" covered="0"/><counter type="COMPLEXITY" missed="1" covered="0"/><counter type="METHOD" missed="1" covered="0"/></method><method name="isAvailable" desc="()Z" line="33"><counter type="INSTRUCTION" missed="0" covered="3"/><counter type="LINE" missed="0" covered="1"/><counter type="COMPLEXITY" missed="0" covered="1"/><counter type="METHOD" missed="0" covered="1"/></method><method name="setAvailable" desc="(Z)V" line="37"><counter type="INSTRUCTION" missed="0" covered="4"/><counter type="LINE" missed="0" covered="2"/><counter type="COMPLEXITY" missed="0" covered="1"/><counter type="METHOD" missed="0" covered="1"/></method><counter type="INSTRUCTION" missed="8" covered="25"/><counter type="LINE" missed="4" covered="10"/><counter type="COMPLEXITY" missed="2" covered="5"/><counter type="METHOD" missed="2" covered="5"/><counter type="CLASS" missed="0" covered="1"/></class><class name="com/parkit/parkingsystem/model/Ticket" sourcefilename="Ticket.java"><method name="&lt;init&gt;" desc="()V" line="5"><counter type="INSTRUCTION" missed="0" covered="3"/><counter type="LINE" missed="0" covered="1"/><counter type="COMPLEXITY" missed="0" covered="1"/><counter type="METHOD" missed="0" covered="1"/></method><method name="getId" desc="()I" line="14"><counter type="INSTRUCTION" missed="0" covered="3"/><counter type="LINE" missed="0" covered="1"/><counter type="COMPLEXITY" missed="0" covered="1"/><counter type="METHOD" missed="0" covered="1"/></method><method name="setId" desc="(I)V" line="18"><counter type="INSTRUCTION" missed="0" covered="4"/><counter type="LINE" missed="0" covered="2"/><counter type="COMPLEXITY" missed="0" covered="1"/><counter type="METHOD" missed="0" covered="1"/></method><method name="getParkingSpot" desc="()Lcom/parkit/parkingsystem/model/ParkingSpot;" line="22"><counter type="INSTRUCTION" missed="0" covered="3"/><counter type="LINE" missed="0" covered="1"/><counter type="COMPLEXITY" missed="0" covered="1"/><counter type="METHOD" missed="0" covered="1"/></method><method name="setParkingSpot" desc="(Lcom/parkit/parkingsystem/model/ParkingSpot;)V" line="26"><counter type="INSTRUCTION" missed="0" covered="4"/><counter type="LINE" missed="0" covered="2"/><counter type="COMPLEXITY" missed="0" covered="1"/><counter type="METHOD" missed="0" covered="1"/></method><method name="getVehicleRegNumber" desc="()Ljava/lang/String;" line="30"><counter type="INSTRUCTION" missed="0" covered="3"/><counter type="LINE" missed="0" covered="1"/><counter type="COMPLEXITY" missed="0" covered="1"/><counter type="METHOD" missed="0" covered="1"/></method><method name="setVehicleRegNumber" desc="(Ljava/lang/String;)V" line="34"><counter type="INSTRUCTION" missed="0" covered="4"/><counter type="LINE" missed="0" covered="2"/><counter type="COMPLEXITY" missed="0" covered="1"/><counter type="METHOD" missed="0" covered="1"/></method><method name="getPrice" desc="()D" line="38"><counter type="INSTRUCTION" missed="0" covered="3"/><counter type="LINE" missed="0" covered="1"/><counter type="COMPLEXITY" missed="0" covered="1"/><counter type="METHOD" missed="0" covered="1"/></method><method name="setPrice" desc="(D)V" line="42"><counter type="INSTRUCTION" missed="0" covered="4"/><counter type="LINE" missed="0" covered="2"/><counter type="COMPLEXITY" missed="0" covered="1"/><counter type="METHOD" missed="0" covered="1"/></method><method name="getInTime" desc="()Ljava/util/Date;" line="46"><counter type="INSTRUCTION" missed="0" covered="3"/><counter type="LINE" missed="0" covered="1"/><counter type="COMPLEXITY" missed="0" covered="1"/><counter type="METHOD" missed="0" covered="1"/></method><method name="setInTime" desc="(Ljava/util/Date;)V" line="50"><counter type="INSTRUCTION" missed="0" covered="4"/><counter type="LINE" missed="0" covered="2"/><counter type="COMPLEXITY" missed="0" covered="1"/><counter type="METHOD" missed="0" covered="1"/></method><method name="getOutTime" desc="()Ljava/util/Date;" line="54"><counter type="INSTRUCTION" missed="0" covered="3"/><counter type="LINE" missed="0" covered="1"/><counter type="COMPLEXITY" missed="0" covered="1"/><counter type="METHOD" missed="0" covered="1"/></method><method name="setOutTime" desc="(Ljava/util/Date;)V" line="58"><counter type="INSTRUCTION" missed="0" covered="4"/><counter type="LINE" missed="0" covered="2"/><counter type="COMPLEXITY" missed="0" covered="1"/><counter type="METHOD" missed="0" covered="1"/></method><counter type="INSTRUCTION" missed="0" covered="45"/><counter type="LINE" missed="0" covered="19"/><counter type="COMPLEXITY" missed="0" covered="13"/><counter type="METHOD" missed="0" covered="13"/><counter type="CLASS" missed="0" covered="1"/></class><sourcefile name="Ticket.java"><line nr="5" mi="0" ci="3" mb="0" cb="0"/><line nr="14" mi="0" ci="3" mb="0" cb="0"/><line nr="18" mi="0" ci="3" mb="0" cb="0"/><line nr="19" mi="0" ci="1" mb="0" cb="0"/><line nr="22" mi="0" ci="3" mb="0" cb="0"/><line nr="26" mi="0" ci="3" mb="0" cb="0"/><line nr="27" mi="0" ci="1" mb="0" cb="0"/><line nr="30" mi="0" ci="3" mb="0" cb="0"/><line nr="34" mi="0" ci="3" mb="0" cb="0"/><line nr="35" mi="0" ci="1" mb="0" cb="0"/><line nr="38" mi="0" ci="3" mb="0" cb="0"/><line nr="42" mi="0" ci="3" mb="0" cb="0"/><line nr="43" mi="0" ci="1" mb="0" cb="0"/><line nr="46" mi="0" ci="3" mb="0" cb="0"/><line nr="50" mi="0" ci="3" mb="0" cb="0"/><line nr="51" mi="0" ci="1" mb="0" cb="0"/><line nr="54" mi="0" ci="3" mb="0" cb="0"/><line nr="58" mi="0" ci="3" mb="0" cb="0"/><line nr="59" mi="0" ci="1" mb="0" cb="0"/><counter type="INSTRUCTION" missed="0" covered="45"/><counter type="LINE" missed="0" covered="19"/><counter type="COMPLEXITY" missed="0" covered="13"/><counter type="METHOD" missed="0" covered="13"/><counter type="CLASS" missed="0" covered="1"/></sourcefile><sourcefile name="ParkingSpot.java"><line nr="10" mi="0" ci="2" mb="0" cb="0"/><line nr="11" mi="0" ci="3" mb="0" cb="0"/><line nr="12" mi="0" ci="3" mb="0" cb="0"/><line nr="13" mi="0" ci="3" mb="0" cb="0"/><line nr="14" mi="0" ci="1" mb="0" cb="0"/><line nr="17" mi="0" ci="3" mb="0" cb="0"/><line nr="21" mi="3" ci="0" mb="0" cb="0"/><line nr="22" mi="1" ci="0" mb="0" cb="0"/><line nr="25" mi="0" ci="3" mb="0" cb="0"/><line nr="29" mi="3" ci="0" mb="0" cb="0"/><line nr="30" mi="1" ci="0" mb="0" cb="0"/><line nr="33" mi="0" ci="3" mb="0" cb="0"/><line nr="37" mi="0" ci="3" mb="0" cb="0"/><line nr="38" mi="0" ci="1" mb="0" cb="0"/><counter type="INSTRUCTION" missed="8" covered="25"/><counter type="LINE" missed="4" covered="10"/><counter type="COMPLEXITY" missed="2" covered="5"/><counter type="METHOD" missed="2" covered="5"/><counter type="CLASS" missed="0" covered="1"/></sourcefile><counter type="INSTRUCTION" missed="8" covered="70"/><counter type="LINE" missed="4" covered="29"/><counter type="COMPLEXITY" missed="2" covered="18"/><counter type="METHOD" missed="2" covered="18"/><counter type="CLASS" missed="0" covered="2"/></package><package name="com/parkit/parkingsystem/constants"><class name="com/parkit/parkingsystem/constants/Fare" sourcefilename="Fare.java"><method name="&lt;init&gt;" desc="()V" line="3"><counter type="INSTRUCTION" missed="3" covered="0"/><counter type="LINE" missed="1" covered="0"/><counter type="COMPLEXITY" missed="1" covered="0"/><counter type="METHOD" missed="1" covered="0"/></method><counter type="INSTRUCTION" missed="3" covered="0"/><counter type="LINE" missed="1" covered="0"/><counter type="COMPLEXITY" missed="1" covered="0"/><counter type="METHOD" missed="1" covered="0"/><counter type="CLASS" missed="1" covered="0"/></class><class name="com/parkit/parkingsystem/constants/ParkingType" sourcefilename="ParkingType.java"><method name="&lt;clinit&gt;" desc="()V" line="3"><counter type="INSTRUCTION" missed="0" covered="24"/><counter type="LINE" missed="0" covered="3"/><counter type="COMPLEXITY" missed="0" covered="1"/><counter type="METHOD" missed="0" covered="1"/></method><counter type="INSTRUCTION" missed="0" covered="24"/><counter type="LINE" missed="0" covered="3"/><counter type="COMPLEXITY" missed="0" covered="1"/><counter type="METHOD" missed="0" covered="1"/><counter type="CLASS" missed="0" covered="1"/></class><class name="com/parkit/parkingsystem/constants/DBConstants" sourcefilename="DBConstants.java"><method name="&lt;init&gt;" desc="()V" line="3"><counter type="INSTRUCTION" missed="3" covered="0"/><counter type="LINE" missed="1" covered="0"/><counter type="COMPLEXITY" missed="1" covered="0"/><counter type="METHOD" missed="1" covered="0"/></method><counter type="INSTRUCTION" missed="3" covered="0"/><counter type="LINE" missed="1" covered="0"/><counter type="COMPLEXITY" missed="1" covered="0"/><counter type="METHOD" missed="1" covered="0"/><counter type="CLASS" missed="1" covered="0"/></class><sourcefile name="DBConstants.java"><line nr="3" mi="3" ci="0" mb="0" cb="0"/><counter type="INSTRUCTION" missed="3" covered="0"/><counter type="LINE" missed="1" covered="0"/><counter type="COMPLEXITY" missed="1" covered="0"/><counter type="METHOD" missed="1" covered="0"/><counter type="CLASS" missed="1" covered="0"/></sourcefile><sourcefile name="ParkingType.java"><line nr="3" mi="0" ci="12" mb="0" cb="0"/><line nr="4" mi="0" ci="6" mb="0" cb="0"/><line nr="5" mi="0" ci="6" mb="0" cb="0"/><counter type="INSTRUCTION" missed="0" covered="24"/><counter type="LINE" missed="0" covered="3"/><counter type="COMPLEXITY" missed="0" covered="1"/><counter type="METHOD" missed="0" covered="1"/><counter type="CLASS" missed="0" covered="1"/></sourcefile><sourcefile name="Fare.java"><line nr="3" mi="3" ci="0" mb="0" cb="0"/><counter type="INSTRUCTION" missed="3" covered="0"/><counter type="LINE" missed="1" covered="0"/><counter type="COMPLEXITY" missed="1" covered="0"/><counter type="METHOD" missed="1" covered="0"/><counter type="CLASS" missed="1" covered="0"/></sourcefile><counter type="INSTRUCTION" missed="6" covered="24"/><counter type="LINE" missed="2" covered="3"/><counter type="COMPLEXITY" missed="2" covered="1"/><counter type="METHOD" missed="2" covered="1"/><counter type="CLASS" missed="2" covered="1"/></package><package name="com/parkit/parkingsystem/util"><class name="com/parkit/parkingsystem/util/InputReaderUtil" sourcefilename="InputReaderUtil.java"><method name="&lt;init&gt;" desc="()V" line="8"><counter type="INSTRUCTION" missed="3" covered="0"/><counter type="LINE" missed="1" covered="0"/><counter type="COMPLEXITY" missed="1" covered="0"/><counter type="METHOD" missed="1" covered="0"/></method><method name="readSelection" desc="()I" line="15"><counter type="INSTRUCTION" missed="16" covered="0"/><counter type="LINE" missed="6" covered="0"/><counter type="COMPLEXITY" missed="1" covered="0"/><counter type="METHOD" missed="1" covered="0"/></method><method name="readVehicleRegistrationNumber" desc="()Ljava/lang/String;" line="26"><counter type="INSTRUCTION" missed="26" covered="0"/><counter type="BRANCH" missed="4" covered="0"/><counter type="LINE" missed="8" covered="0"/><counter type="COMPLEXITY" missed="3" covered="0"/><counter type="METHOD" missed="1" covered="0"/></method><method name="&lt;clinit&gt;" desc="()V" line="10"><counter type="INSTRUCTION" missed="0" covered="9"/><counter type="LINE" missed="0" covered="2"/><counter type="COMPLEXITY" missed="0" covered="1"/><counter type="METHOD" missed="0" covered="1"/></method><counter type="INSTRUCTION" missed="45" covered="9"/><counter type="BRANCH" missed="4" covered="0"/><counter type="LINE" missed="15" covered="2"/><counter type="COMPLEXITY" missed="5" covered="1"/><counter type="METHOD" missed="3" covered="1"/><counter type="CLASS" missed="0" covered="1"/></class><sourcefile name="InputReaderUtil.java"><line nr="8" mi="3" ci="0" mb="0" cb="0"/><line nr="10" mi="0" ci="5" mb="0" cb="0"/><line nr="11" mi="0" ci="4" mb="0" cb="0"/><line nr="15" mi="4" ci="0" mb="0" cb="0"/><line nr="16" mi="2" ci="0" mb="0" cb="0"/><line nr="17" mi="1" ci="0" mb="0" cb="0"/><line nr="18" mi="4" ci="0" mb="0" cb="0"/><line nr="19" mi="3" ci="0" mb="0" cb="0"/><line nr="20" mi="2" ci="0" mb="0" cb="0"/><line nr="26" mi="3" ci="0" mb="0" cb="0"/><line nr="27" mi="6" ci="0" mb="4" cb="0"/><line nr="28" mi="5" ci="0" mb="0" cb="0"/><line nr="30" mi="2" ci="0" mb="0" cb="0"/><line nr="31" mi="1" ci="0" mb="0" cb="0"/><line nr="32" mi="4" ci="0" mb="0" cb="0"/><line nr="33" mi="3" ci="0" mb="0" cb="0"/><line nr="34" mi="2" ci="0" mb="0" cb="0"/><counter type="INSTRUCTION" missed="45" covered="9"/><counter type="BRANCH" missed="4" covered="0"/><counter type="LINE" missed="15" covered="2"/><counter type="COMPLEXITY" missed="5" covered="1"/><counter type="METHOD" missed="3" covered="1"/><counter type="CLASS" missed="0" covered="1"/></sourcefile><counter type="INSTRUCTION" missed="45" covered="9"/><counter type="BRANCH" missed="4" covered="0"/><counter type="LINE" missed="15" covered="2"/><counter type="COMPLEXITY" missed="5" covered="1"/><counter type="METHOD" missed="3" covered="1"/><counter type="CLASS" missed="0" covered="1"/></package><package name="com/parkit/parkingsystem/dao"><class name="com/parkit/parkingsystem/dao/TicketDAO" sourcefilename="TicketDAO.java"><method name="&lt;init&gt;" desc="()V" line="22"><counter type="INSTRUCTION" missed="0" covered="8"/><counter type="LINE" missed="0" covered="2"/><counter type="COMPLEXITY" missed="0" covered="1"/><counter type="METHOD" missed="0" covered="1"/></method><method name="saveTicket" desc="(Lcom/parkit/parkingsystem/model/Ticket;)Z" line="35"><counter type="INSTRUCTION" missed="13" covered="52"/><counter type="BRANCH" missed="1" covered="1"/><counter type="LINE" missed="3" covered="10"/><counter type="COMPLEXITY" missed="1" covered="1"/><counter type="METHOD" missed="0" covered="1"/></method><method name="getTicket" desc="(Ljava/lang/String;)Lcom/parkit/parkingsystem/model/Ticket;" line="61"><counter type="INSTRUCTION" missed="5" covered="78"/><counter type="BRANCH" missed="1" covered="1"/><counter type="LINE" missed="2" covered="19"/><counter type="COMPLEXITY" missed="1" covered="1"/><counter type="METHOD" missed="0" covered="1"/></method><method name="updateTicket" desc="(Lcom/parkit/parkingsystem/model/Ticket;)Z" line="96"><counter type="INSTRUCTION" missed="7" covered="40"/><counter type="LINE" missed="3" covered="9"/><counter type="COMPLEXITY" missed="0" covered="1"/><counter type="METHOD" missed="0" covered="1"/></method><method name="getNbTicket" desc="(Ljava/lang/String;)I" line="120"><counter type="INSTRUCTION" missed="5" covered="34"/><counter type="BRANCH" missed="1" covered="1"/><counter type="LINE" missed="2" covered="11"/><counter type="COMPLEXITY" missed="1" covered="1"/><counter type="METHOD" missed="0" covered="1"/></method><method name="&lt;clinit&gt;" desc="()V" line="24"><counter type="INSTRUCTION" missed="0" covered="4"/><counter type="LINE" missed="0" covered="1"/><counter type="COMPLEXITY" missed="0" covered="1"/><counter type="METHOD" missed="0" covered="1"/></method><counter type="INSTRUCTION" missed="30" covered="216"/><counter type="BRANCH" missed="3" covered="3"/><counter type="LINE" missed="10" covered="52"/><counter type="COMPLEXITY" missed="3" covered="6"/><counter type="METHOD" missed="0" covered="6"/><counter type="CLASS" missed="0" covered="1"/></class><class name="com/parkit/parkingsystem/dao/ParkingSpotDAO" sourcefilename="ParkingSpotDAO.java"><method name="&lt;init&gt;" desc="()V" line="14"><counter type="INSTRUCTION" missed="0" covered="8"/><counter type="LINE" missed="0" covered="2"/><counter type="COMPLEXITY" missed="0" covered="1"/><counter type="METHOD" missed="0" covered="1"/></method><method name="getNextAvailableSlot" desc="(Lcom/parkit/parkingsystem/constants/ParkingType;)I" line="20"><counter type="INSTRUCTION" missed="5" covered="41"/><counter type="BRANCH" missed="1" covered="1"/><counter type="LINE" missed="2" covered="12"/><counter type="COMPLEXITY" missed="1" covered="1"/><counter type="METHOD" missed="0" covered="1"/></method><method name="updateParking" desc="(Lcom/parkit/parkingsystem/model/ParkingSpot;)Z" line="42"><counter type="INSTRUCTION" missed="10" covered="39"/><counter type="BRANCH" missed="1" covered="1"/><counter type="LINE" missed="3" covered="9"/><counter type="COMPLEXITY" missed="1" covered="1"/><counter type="METHOD" missed="0" covered="1"/></method><method name="&lt;clinit&gt;" desc="()V" line="15"><counter type="INSTRUCTION" missed="0" covered="4"/><counter type="LINE" missed="0" covered="1"/><counter type="COMPLEXITY" missed="0" covered="1"/><counter type="METHOD" missed="0" covered="1"/></method><counter type="INSTRUCTION" missed="15" covered="92"/><counter type="BRANCH" missed="2" covered="2"/><counter type="LINE" missed="5" covered="24"/><counter type="COMPLEXITY" missed="2" covered="4"/><counter type="METHOD" missed="0" covered="4"/><counter type="CLASS" missed="0" covered="1"/></class><sourcefile name="ParkingSpotDAO.java"><line nr="14" mi="0" ci="2" mb="0" cb="0"/><line nr="15" mi="0" ci="4" mb="0" cb="0"/><line nr="17" mi="0" ci="6" mb="0" cb="0"/><line nr="20" mi="0" ci="2" mb="0" cb="0"/><line nr="21" mi="0" ci="2" mb="0" cb="0"/><line nr="23" mi="0" ci="4" mb="0" cb="0"/><line nr="24" mi="0" ci="4" mb="0" cb="0"/><line nr="25" mi="0" ci="5" mb="0" cb="0"/><line nr="26" mi="0" ci="3" mb="0" cb="0"/><line nr="27" mi="0" ci="3" mb="1" cb="1"/><line nr="28" mi="0" ci="4" mb="0" cb="0"/><line nr="30" mi="0" ci="4" mb="0" cb="0"/><line nr="31" mi="0" ci="4" mb="0" cb="0"/><line nr="32" mi="1" ci="0" mb="0" cb="0"/><line nr="33" mi="4" ci="0" mb="0" cb="0"/><line nr="35" mi="0" ci="4" mb="0" cb="0"/><line nr="37" mi="0" ci="2" mb="0" cb="0"/><line nr="42" mi="0" ci="2" mb="0" cb="0"/><line nr="44" mi="0" ci="4" mb="0" cb="0"/><line nr="45" mi="0" ci="4" mb="0" cb="0"/><line nr="46" mi="0" ci="5" mb="0" cb="0"/><line nr="47" mi="0" ci="5" mb="0" cb="0"/><line nr="48" mi="0" ci="3" mb="0" cb="0"/><line nr="49" mi="0" ci="4" mb="0" cb="0"/><line nr="50" mi="1" ci="8" mb="1" cb="1"/><line nr="51" mi="1" ci="0" mb="0" cb="0"/><line nr="52" mi="4" ci="0" mb="0" cb="0"/><line nr="53" mi="4" ci="0" mb="0" cb="0"/><line nr="55" mi="0" ci="4" mb="0" cb="0"/><counter type="INSTRUCTION" missed="15" covered="92"/><counter type="BRANCH" missed="2" covered="2"/><counter type="LINE" missed="5" covered="24"/><counter type="COMPLEXITY" missed="2" covered="4"/><counter type="METHOD" missed="0" covered="4"/><counter type="CLASS" missed="0" covered="1"/></sourcefile><sourcefile name="TicketDAO.java"><line nr="22" mi="0" ci="2" mb="0" cb="0"/><line nr="24" mi="0" ci="4" mb="0" cb="0"/><line nr="26" mi="0" ci="6" mb="0" cb="0"/><line nr="35" mi="0" ci="2" mb="0" cb="0"/><line nr="37" mi="0" ci="4" mb="0" cb="0"/><line nr="38" mi="0" ci="4" mb="0" cb="0"/><line nr="40" mi="0" ci="6" mb="0" cb="0"/><line nr="41" mi="0" ci="5" mb="0" cb="0"/><line nr="42" mi="0" ci="5" mb="0" cb="0"/><line nr="43" mi="0" ci="9" mb="0" cb="0"/><line nr="44" mi="6" ci="8" mb="1" cb="1"/><line nr="45" mi="0" ci="5" mb="0" cb="0"/><line nr="46" mi="1" ci="0" mb="0" cb="0"/><line nr="47" mi="4" ci="0" mb="0" cb="0"/><line nr="49" mi="0" ci="4" mb="0" cb="0"/><line nr="51" mi="2" ci="0" mb="0" cb="0"/><line nr="61" mi="0" ci="2" mb="0" cb="0"/><line nr="62" mi="0" ci="2" mb="0" cb="0"/><line nr="64" mi="0" ci="4" mb="0" cb="0"/><line nr="65" mi="0" ci="4" mb="0" cb="0"/><line nr="67" mi="0" ci="4" mb="0" cb="0"/><line nr="68" mi="0" ci="3" mb="0" cb="0"/><line nr="69" mi="0" ci="3" mb="1" cb="1"/><line nr="70" mi="0" ci="4" mb="0" cb="0"/><line nr="71" mi="0" ci="12" mb="0" cb="0"/><line nr="72" mi="0" ci="3" mb="0" cb="0"/><line nr="73" mi="0" ci="5" mb="0" cb="0"/><line nr="74" mi="0" ci="3" mb="0" cb="0"/><line nr="75" mi="0" ci="5" mb="0" cb="0"/><line nr="76" mi="0" ci="5" mb="0" cb="0"/><line nr="77" mi="0" ci="5" mb="0" cb="0"/><line nr="79" mi="0" ci="4" mb="0" cb="0"/><line nr="80" mi="0" ci="4" mb="0" cb="0"/><line nr="81" mi="1" ci="0" mb="0" cb="0"/><line nr="82" mi="4" ci="0" mb="0" cb="0"/><line nr="84" mi="0" ci="4" mb="0" cb="0"/><line nr="86" mi="0" ci="2" mb="0" cb="0"/><line nr="96" mi="0" ci="2" mb="0" cb="0"/><line nr="98" mi="0" ci="4" mb="0" cb="0"/><line nr="99" mi="0" ci="4" mb="0" cb="0"/><line nr="100" mi="0" ci="5" mb="0" cb="0"/><line nr="101" mi="0" ci="9" mb="0" cb="0"/><line nr="102" mi="0" ci="5" mb="0" cb="0"/><line nr="103" mi="0" ci="3" mb="0" cb="0"/><line nr="104" mi="0" ci="4" mb="0" cb="0"/><line nr="105" mi="1" ci="0" mb="0" cb="0"/><line nr="106" mi="4" ci="0" mb="0" cb="0"/><line nr="108" mi="0" ci="4" mb="0" cb="0"/><line nr="110" mi="2" ci="0" mb="0" cb="0"/><line nr="120" mi="0" ci="2" mb="0" cb="0"/><line nr="121" mi="0" ci="2" mb="0" cb="0"/><line nr="123" mi="0" ci="4" mb="0" cb="0"/><line nr="124" mi="0" ci="2" mb="0" cb="0"/><line nr="125" mi="0" ci="4" mb="0" cb="0"/><line nr="126" mi="0" ci="4" mb="0" cb="0"/><line nr="127" mi="0" ci="3" mb="0" cb="0"/><line nr="128" mi="0" ci="3" mb="1" cb="1"/><line nr="129" mi="0" ci="4" mb="0" cb="0"/><line nr="131" mi="1" ci="0" mb="0" cb="0"/><line nr="132" mi="4" ci="0" mb="0" cb="0"/><line nr="134" mi="0" ci="4" mb="0" cb="0"/><line nr="136" mi="0" ci="2" mb="0" cb="0"/><counter type="INSTRUCTION" missed="30" covered="216"/><counter type="BRANCH" missed="3" covered="3"/><counter type="LINE" missed="10" covered="52"/><counter type="COMPLEXITY" missed="3" covered="6"/><counter type="METHOD" missed="0" covered="6"/><counter type="CLASS" missed="0" covered="1"/></sourcefile><counter type="INSTRUCTION" missed="45" covered="308"/><counter type="BRANCH" missed="5" covered="5"/><counter type="LINE" missed="15" covered="76"/><counter type="COMPLEXITY" missed="5" covered="10"/><counter type="METHOD" missed="0" covered="10"/><counter type="CLASS" missed="0" covered="2"/></package><package name="com/parkit/parkingsystem/config"><class name="com/parkit/parkingsystem/config/DataBaseConfig" sourcefilename="DataBaseConfig.java"><method name="&lt;init&gt;" desc="()V" line="8"><counter type="INSTRUCTION" missed="0" covered="3"/><counter type="LINE" missed="0" covered="1"/><counter type="COMPLEXITY" missed="0" covered="1"/><counter type="METHOD" missed="0" covered="1"/></method><method name="getConnection" desc="()Ljava/sql/Connection;" line="13"><counter type="INSTRUCTION" missed="11" covered="0"/><counter type="LINE" missed="3" covered="0"/><counter type="COMPLEXITY" missed="1" covered="0"/><counter type="METHOD" missed="1" covered="0"/></method><method name="closeConnection" desc="(Ljava/sql/Connection;)V" line="20"><counter type="INSTRUCTION" missed="14" covered="0"/><counter type="BRANCH" missed="2" covered="0"/><counter type="LINE" missed="7" covered="0"/><counter type="COMPLEXITY" missed="2" covered="0"/><counter type="METHOD" missed="1" covered="0"/></method><method name="closePreparedStatement" desc="(Ljava/sql/PreparedStatement;)V" line="31"><counter type="INSTRUCTION" missed="14" covered="0"/><counter type="BRANCH" missed="2" covered="0"/><counter type="LINE" missed="7" covered="0"/><counter type="COMPLEXITY" missed="2" covered="0"/><counter type="METHOD" missed="1" covered="0"/></method><method name="closeResultSet" desc="(Ljava/sql/ResultSet;)V" line="42"><counter type="INSTRUCTION" missed="14" covered="0"/><counter type="BRANCH" missed="2" covered="0"/><counter type="LINE" missed="7" covered="0"/><counter type="COMPLEXITY" missed="2" covered="0"/><counter type="METHOD" missed="1" covered="0"/></method><method name="&lt;clinit&gt;" desc="()V" line="10"><counter type="INSTRUCTION" missed="0" covered="4"/><counter type="LINE" missed="0" covered="1"/><counter type="COMPLEXITY" missed="0" covered="1"/><counter type="METHOD" missed="0" covered="1"/></method><counter type="INSTRUCTION" missed="53" covered="7"/><counter type="BRANCH" missed="6" covered="0"/><counter type="LINE" missed="24" covered="2"/><counter type="COMPLEXITY" missed="7" covered="2"/><counter type="METHOD" missed="4" covered="2"/><counter type="CLASS" missed="0" covered="1"/></class><sourcefile name="DataBaseConfig.java"><line nr="8" mi="0" ci="3" mb="0" cb="0"/><line nr="10" mi="0" ci="4" mb="0" cb="0"/><line nr="13" mi="3" ci="0" mb="0" cb="0"/><line nr="14" mi="3" ci="0" mb="0" cb="0"/><line nr="15" mi="5" ci="0" mb="0" cb="0"/><line nr="20" mi="2" ci="0" mb="2" cb="0"/><line nr="22" mi="2" ci="0" mb="0" cb="0"/><line nr="23" mi="3" ci="0" mb="0" cb="0"/><line nr="24" mi="1" ci="0" mb="0" cb="0"/><line nr="25" mi="4" ci="0" mb="0" cb="0"/><line nr="26" mi="1" ci="0" mb="0" cb="0"/><line nr="28" mi="1" ci="0" mb="0" cb="0"/><line nr="31" mi="2" ci="0" mb="2" cb="0"/><line nr="33" mi="2" ci="0" mb="0" cb="0"/><line nr="34" mi="3" ci="0" mb="0" cb="0"/><line nr="35" mi="1" ci="0" mb="0" cb="0"/><line nr="36" mi="4" ci="0" mb="0" cb="0"/><line nr="37" mi="1" ci="0" mb="0" cb="0"/><line nr="39" mi="1" ci="0" mb="0" cb="0"/><line nr="42" mi="2" ci="0" mb="2" cb="0"/><line nr="44" mi="2" ci="0" mb="0" cb="0"/><line nr="45" mi="3" ci="0" mb="0" cb="0"/><line nr="46" mi="1" ci="0" mb="0" cb="0"/><line nr="47" mi="4" ci="0" mb="0" cb="0"/><line nr="48" mi="1" ci="0" mb="0" cb="0"/><line nr="50" mi="1" ci="0" mb="0" cb="0"/><counter type="INSTRUCTION" missed="53" covered="7"/><counter type="BRANCH" missed="6" covered="0"/><counter type="LINE" missed="24" covered="2"/><counter type="COMPLEXITY" missed="7" covered="2"/><counter type="METHOD" missed="4" covered="2"/><counter type="CLASS" missed="0" covered="1"/></sourcefile><counter type="INSTRUCTION" missed="53" covered="7"/><counter type="BRANCH" missed="6" covered="0"/><counter type="LINE" missed="24" covered="2"/><counter type="COMPLEXITY" missed="7" covered="2"/><counter type="METHOD" missed="4" covered="2"/><counter type="CLASS" missed="0" covered="1"/></package><counter type="INSTRUCTION" missed="253" covered="730"/><counter type="BRANCH" missed="26" covered="26"/><counter type="LINE" missed="97" covered="201"/><counter type="COMPLEXITY" missed="37" covered="51"/><counter type="METHOD" missed="18" covered="42"/><counter type="CLASS" missed="4" covered="9"/></report>